2020-07-21 15:27:07,326 - INFO - decorators:wrapper:31 - ()- MainThread - The "__init__" function is called from the module -> server.py -> function:server = Server(addr, port) !!!
2020-07-21 15:27:07,328 - INFO - decorators:wrapper:31 - ()- MainThread - The "args_validation" function is called from the module -> server.py -> function:server = Server(addr, port) !!!
2020-07-21 15:27:07,330 - INFO - decorators:wrapper:31 - ()- MainThread - The "event_loop" function is called from the module -> server.py -> function:server.event_loop() !!!
2020-07-21 15:27:29,248 - INFO - decorators:wrapper:31 - ()- MainThread - The "accept_connection" function is called from the module -> server.py -> function:server.event_loop() !!!
2020-07-21 15:27:29,256 - INFO - decorators:wrapper:31 - ()- MainThread - The "broadcast" function is called from the module -> server.py -> function:server.event_loop() !!!
2020-07-21 15:27:33,506 - INFO - decorators:wrapper:31 - ()- MainThread - The "handle" function is called from the module -> server.py -> function:server.event_loop() !!!
2020-07-21 15:27:33,513 - INFO - decorators:wrapper:31 - ()- MainThread - The "broadcast" function is called from the module -> server.py -> function:server.event_loop() !!!
2020-07-21 15:27:36,586 - INFO - decorators:wrapper:31 - ()- MainThread - The "handle" function is called from the module -> server.py -> function:server.event_loop() !!!
2020-07-21 15:27:36,591 - INFO - decorators:wrapper:31 - ()- MainThread - The "broadcast" function is called from the module -> server.py -> function:server.event_loop() !!!
2020-07-21 15:27:39,616 - INFO - decorators:wrapper:31 - ()- MainThread - The "handle" function is called from the module -> server.py -> function:server.event_loop() !!!
2020-07-21 15:27:39,621 - INFO - decorators:wrapper:31 - ()- MainThread - The "broadcast" function is called from the module -> server.py -> function:server.event_loop() !!!
2020-07-21 15:54:30,396 - INFO - decorators:wrapper:31 - ()- MainThread - The "__init__" function is called from the module -> server.py -> function:server = Server(addr, port) !!!
2020-07-21 15:54:30,401 - INFO - decorators:wrapper:31 - ()- MainThread - The "args_validation" function is called from the module -> server.py -> function:server = Server(addr, port) !!!
2020-07-21 15:54:30,411 - INFO - decorators:wrapper:31 - ()- MainThread - The "event_loop" function is called from the module -> server.py -> function:server.event_loop() !!!
2020-07-21 15:54:34,341 - INFO - decorators:wrapper:31 - ()- MainThread - The "accept_connection" function is called from the module -> server.py -> function:server.event_loop() !!!
2020-07-21 15:54:34,354 - INFO - decorators:wrapper:31 - ()- MainThread - The "broadcast" function is called from the module -> server.py -> function:server.event_loop() !!!
2020-07-21 15:54:39,851 - INFO - decorators:wrapper:31 - ()- MainThread - The "accept_connection" function is called from the module -> server.py -> function:server.event_loop() !!!
2020-07-21 15:54:39,858 - INFO - decorators:wrapper:31 - ()- MainThread - The "broadcast" function is called from the module -> server.py -> function:server.event_loop() !!!
2020-07-21 15:54:40,771 - INFO - decorators:wrapper:31 - ()- MainThread - The "handle" function is called from the module -> server.py -> function:server.event_loop() !!!
2020-07-21 15:54:40,777 - INFO - decorators:wrapper:31 - ()- MainThread - The "broadcast" function is called from the module -> server.py -> function:server.event_loop() !!!
2020-07-21 15:54:41,425 - INFO - decorators:wrapper:31 - ()- MainThread - The "handle" function is called from the module -> server.py -> function:server.event_loop() !!!
2020-07-21 15:54:41,432 - INFO - decorators:wrapper:31 - ()- MainThread - The "broadcast" function is called from the module -> server.py -> function:server.event_loop() !!!
2020-07-21 15:54:42,079 - INFO - decorators:wrapper:31 - ()- MainThread - The "handle" function is called from the module -> server.py -> function:server.event_loop() !!!
2020-07-21 15:54:42,083 - INFO - decorators:wrapper:31 - ()- MainThread - The "broadcast" function is called from the module -> server.py -> function:server.event_loop() !!!
2020-07-21 15:54:49,477 - INFO - decorators:wrapper:31 - ()- MainThread - The "handle" function is called from the module -> server.py -> function:server.event_loop() !!!
2020-07-21 15:54:49,484 - INFO - decorators:wrapper:31 - ()- MainThread - The "broadcast" function is called from the module -> server.py -> function:server.event_loop() !!!
